0 info it worked if it ends with ok
1 verbose cli [ '/usr/local/Cellar/node/0.8.22/bin/node',
1 verbose cli   '/usr/local/bin/npm',
1 verbose cli   'install',
1 verbose cli   '-g',
1 verbose cli   'bower' ]
2 info using npm@1.2.14
3 info using node@v0.8.22
4 verbose read json /usr/local/share/npm/lib/package.json
5 verbose read json /usr/local/share/npm/lib/package.json
6 verbose cache add [ 'bower', null ]
7 verbose cache add name=undefined spec="bower" args=["bower",null]
8 verbose parsed url { pathname: 'bower', path: 'bower', href: 'bower' }
9 silly lockFile 206e3ce5-bower bower
10 verbose lock bower /Users/justinhall/.npm/206e3ce5-bower.lock
11 silly lockFile 206e3ce5-bower bower
12 silly lockFile 206e3ce5-bower bower
13 verbose addNamed [ 'bower', '' ]
14 verbose addNamed [ null, '' ]
15 silly lockFile 1240aab1-bower bower@
16 verbose lock bower@ /Users/justinhall/.npm/1240aab1-bower.lock
17 silly addNameRange { name: 'bower', range: '', hasData: false }
18 verbose url raw bower
19 verbose url resolving [ 'https://registry.npmjs.org/', './bower' ]
20 verbose url resolved https://registry.npmjs.org/bower
21 info trying registry request attempt 1 at 10:29:46
22 verbose etag "F0YTD8ZBBCP5RYVI3WSQ4DZJB"
23 http GET https://registry.npmjs.org/bower
24 http 304 https://registry.npmjs.org/bower
25 silly registry.get cb [ 304,
25 silly registry.get   { server: 'CouchDB/1.3.0 (Erlang OTP/R15B03)',
25 silly registry.get     etag: '"F0YTD8ZBBCP5RYVI3WSQ4DZJB"',
25 silly registry.get     date: 'Tue, 30 Jul 2013 14:29:41 GMT',
25 silly registry.get     'content-length': '0' } ]
26 verbose etag bower from cache
27 silly addNameRange number 2 { name: 'bower', range: '', hasData: true }
28 silly addNameRange versions [ 'bower',
28 silly addNameRange   [ '0.1.0',
28 silly addNameRange     '0.1.2',
28 silly addNameRange     '0.1.3',
28 silly addNameRange     '0.2.0',
28 silly addNameRange     '0.3.0',
28 silly addNameRange     '0.3.1',
28 silly addNameRange     '0.3.2',
28 silly addNameRange     '0.4.0',
28 silly addNameRange     '0.5.0',
28 silly addNameRange     '0.5.1',
28 silly addNameRange     '0.6.0',
28 silly addNameRange     '0.6.1',
28 silly addNameRange     '0.6.2',
28 silly addNameRange     '0.6.3',
28 silly addNameRange     '0.6.4',
28 silly addNameRange     '0.6.5',
28 silly addNameRange     '0.6.6',
28 silly addNameRange     '0.6.7',
28 silly addNameRange     '0.6.8',
28 silly addNameRange     '0.7.0',
28 silly addNameRange     '0.7.1',
28 silly addNameRange     '0.8.0',
28 silly addNameRange     '0.8.1',
28 silly addNameRange     '0.8.2',
28 silly addNameRange     '0.8.3',
28 silly addNameRange     '0.8.4',
28 silly addNameRange     '0.8.5',
28 silly addNameRange     '0.8.6',
28 silly addNameRange     '0.9.0',
28 silly addNameRange     '0.9.1',
28 silly addNameRange     '0.9.2',
28 silly addNameRange     '0.10.0',
28 silly addNameRange     '1.0.0',
28 silly addNameRange     '1.0.1',
28 silly addNameRange     '1.0.2',
28 silly addNameRange     '1.0.3' ] ]
29 verbose addNamed [ 'bower', '1.0.3' ]
30 verbose addNamed [ '1.0.3', '1.0.3' ]
31 silly lockFile 4ff53092-bower-1-0-3 bower@1.0.3
32 verbose lock bower@1.0.3 /Users/justinhall/.npm/4ff53092-bower-1-0-3.lock
33 verbose read json /Users/justinhall/.npm/bower/1.0.3/package/package.json
34 silly lockFile 4ff53092-bower-1-0-3 bower@1.0.3
35 silly lockFile 4ff53092-bower-1-0-3 bower@1.0.3
36 silly lockFile 1240aab1-bower bower@
37 silly lockFile 1240aab1-bower bower@
38 silly resolved [ { name: 'bower',
38 silly resolved     version: '1.0.3',
38 silly resolved     description: 'The browser package manager.',
38 silly resolved     author: { name: 'Twitter' },
38 silly resolved     licenses: [ [Object] ],
38 silly resolved     repository: { type: 'git', url: 'git://github.com/bower/bower.git' },
38 silly resolved     main: 'lib',
38 silly resolved     homepage: 'http://bower.io',
38 silly resolved     engines: { node: '>=0.8.0' },
38 silly resolved     dependencies:
38 silly resolved      { archy: '0.0.2',
38 silly resolved        abbrev: '~1.0.4',
38 silly resolved        'bower-config': '~0.2.0',
38 silly resolved        'bower-endpoint-parser': '~0.2.0',
38 silly resolved        'bower-json': '~0.2.0',
38 silly resolved        'bower-logger': '~0.1.0',
38 silly resolved        'bower-registry-client': '~0.1.1',
38 silly resolved        chmodr: '~0.1.0',
38 silly resolved        colors: '~0.6.0-1',
38 silly resolved        fstream: '~0.1.22',
38 silly resolved        'fstream-ignore': '~0.0.6',
38 silly resolved        glob: '~3.2.1',
38 silly resolved        'graceful-fs': '~2.0.0',
38 silly resolved        handlebars: '~1.0.11',
38 silly resolved        inquirer: '~0.2.2',
38 silly resolved        junk: '~0.2.0',
38 silly resolved        mkdirp: '~0.3.5',
38 silly resolved        mout: '~0.6.0',
38 silly resolved        nopt: '~2.1.1',
38 silly resolved        'lru-cache': '~2.3.0',
38 silly resolved        open: '~0.0.3',
38 silly resolved        promptly: '~0.2.0',
38 silly resolved        q: '~0.9.2',
38 silly resolved        request: '~2.25.0',
38 silly resolved        'request-progress': '~0.2.0',
38 silly resolved        'request-replay': '~0.1.2',
38 silly resolved        rimraf: '~2.2.0',
38 silly resolved        semver: '~2.0.8',
38 silly resolved        'stringify-object': '~0.1.4',
38 silly resolved        'sudo-block': '~0.2.0',
38 silly resolved        tar: '~0.1.17',
38 silly resolved        tmp: '~0.0.20',
38 silly resolved        unzip: '~0.1.7',
38 silly resolved        'update-notifier': '~0.1.3',
38 silly resolved        which: '~1.0.5' },
38 silly resolved     devDependencies:
38 silly resolved      { 'expect.js': '~0.2.0',
38 silly resolved        grunt: '~0.4.1',
38 silly resolved        'grunt-simple-mocha': '~0.4.0',
38 silly resolved        'grunt-contrib-watch': '~0.5.0',
38 silly resolved        'grunt-contrib-jshint': '~0.6.0',
38 silly resolved        'grunt-execute': '~0.1.4',
38 silly resolved        'grunt-shell': '~0.3.0',
38 silly resolved        mocha: '~1.12.0',
38 silly resolved        nock: '~0.22.0',
38 silly resolved        istanbul: '~0.1.42',
38 silly resolved        proxyquire: '~0.4.1' },
38 silly resolved     scripts: { test: 'grunt test' },
38 silly resolved     bin: { bower: 'bin/bower' },
38 silly resolved     preferGlobal: true,
38 silly resolved     readme: '# BOWER [![Build Status](https://secure.travis-ci.org/bower/bower.png?branch=master)](http://travis-ci.org/bower/bower)\n\nBower is a package manager for the web. It offers a generic, unopinionated\nsolution to the problem of **front-end package management**, while exposing the\npackage dependency model via an API that can be consumed by a more opinionated\nbuild stack. There are no system wide dependencies, no dependencies are shared\nbetween different apps, and the dependency tree is flat.\n\nBower runs over Git, and is package-agnostic. A packaged component can be made\nup of any type of asset, and use any type of transport (e.g., AMD, CommonJS,\netc.).\n\n[View all packages available through Bower\'s registry](http://sindresorhus.com/bower-components/).\n\n\n## Installing Bower\n\nBower depends on [Node](http://nodejs.org/) and [npm](http://npmjs.org/). It\'s\ninstalled globally using npm:\n\n```\nnpm install -g bower\n```\n\nAlso make sure that [git](http://git-scm.com/) is installed as some bower\npackages require it to be fetched and installed.\n\n\n## Usage\n\nMuch more information is available via `bower help` once it\'s installed. This\nis just enough to get you started.\n\n#### Warning\n\nOn `prezto` or `oh-my-zsh`, do not forget to `alias bower=\'noglob bower\'` or `bower install jquery\\#1.9.1`\n\n#### Running commands with sudo\n\nBower is a user command, there is no need to execute it with superuser permissions.\nHowever, if you still want to run commands with sudo, use `--allow-root` option.\n\n### Installing packages and dependencies\n\nBower offers several ways to install packages:\n\n```bash\n# Using the dependencies listed in the current directory\'s bower.json\nbower install\n# Using a local or remote package\nbower install <package>\n# Using a specific version of a package\nbower install <package>#<version>\n# Using a different name and a specific version of a package\nbower install <name>=<package>#<version>\n```\n\nWhere `<package>` can be any one of the following:\n\n* A name that maps to a package registered with Bower, e.g, `jquery`. ‡\n* A remote Git endpoint, e.g., `git://github.com/someone/some-package.git`. Can be\n  public or private. ‡\n* A local endpoint, i.e., a folder that\'s a Git repository. ‡\n* A shorthand endpoint, e.g., `someone/some-package` (defaults to GitHub). ‡\n* A URL to a file, including `zip` and `tar` files. It\'s contents will be\n  extracted.\n\n‡ These types of `<package>` might have versions available. You can specify a\n[semver](http://semver.org/) compatible version to fetch a specific release, and lock the\npackage to that version. You can also use ranges to specify a range of versions.\n\nAll package contents are installed in the `bower_components` directory by default.\nYou should **never** directly modify the contents of this directory.\n\nUsing `bower list` will show all the packages that are installed locally.\n\n**N.B.** If you aren\'t authoring a package that is intended to be consumed by\nothers (e.g., you\'re building a web app), you should always check installed\npackages into source control.\n\n### Finding packages\n\nTo search for packages registered with Bower:\n\n```\nbower search [<name>]\n```\n\nUsing just `bower search` will list all packages in the registry.\n\n### Using packages\n\nThe easiest approach is to use Bower statically, just reference the package\'s\ninstalled components manually using a `script` tag:\n\n```html\n<script src="/bower_components/jquery/index.js"></script>\n```\n\nFor more complex projects, you\'ll probably want to concatenate your scripts or\nuse a module loader. Bower is just a package manager, but there are plenty of\nother tools -- such as [Sprockets](https://github.com/sstephenson/sprockets)\nand [RequireJS](http://requirejs.org/) -- that will help you do this.\n\n### Registering packages\n\nTo register a new package:\n\n* There **must** be a valid manifest JSON in the current working directory.\n* Your package should use [semver](http://semver.org/) Git tags.\n* Your package **must** be available at a Git endpoint (e.g., GitHub); remember\n  to push your Git tags!\n\nThen use the following command:\n\n```\nbower register <my-package-name> <git-endpoint>\n```\n\nThe Bower registry does not have authentication or user management at this point\nin time. It\'s on a first come, first served basis. Think of it like a URL\nshortener. Now anyone can run `bower install <my-package-name>`, and get your\nlibrary installed.\n\nThere is no direct way to unregister a package yet. For now, you can [request a\npackage be unregistered](https://github.com/bower/bower/issues/120).\n\n### Uninstalling packages\n\nTo uninstall a locally installed package:\n\n```\nbower uninstall <package-name>\n```\n\n\n## Configuration\n\nBower can be configured using JSON in a `.bowerrc` file.\n\nThe current spec can be read\n[here](https://docs.google.com/document/d/1APq7oA9tNao1UYWyOm8dKqlRP2blVkROYLZ2fLIjtWc/edit#heading=h.4pzytc1f9j8k)\nin the `Configuration` section.\n\n\n## Defining a package\n\nYou must create a `bower.json` in your project\'s root, and specify all of its\ndependencies. This is similar to Node\'s `package.json`, or Ruby\'s `Gemfile`,\nand is useful for locking down a project\'s dependencies.\n\n*NOTE:* In versions of Bower before 0.9.0 the package metadata file was called\n`component.json` rather than `bower.json`. This has changed to avoid a name\nclash with another tool. You can still use `component.json` for now but it is\ndeprecated and the automatic fallback is likely to be removed in an upcoming\nrelease.\n\nYou can interactively create a `bower.json` with the following command:\n\n```\nbower init\n```\n\nThe `bower.json` defines several options:\n\n* `name` (required): The name of your package.\n* `version`: A semantic version number (see [semver](http://semver.org/)).\n* `main` [string|array]: The primary endpoints of your package.\n* `ignore` [array]: An array of paths not needed in production that you want\n  Bower to ignore when installing your package.\n* `dependencies` [hash]: Packages your package depends upon in production.\n* `devDependencies` [hash]: Development dependencies.\n\n```json\n{\n  "name": "my-project",\n  "version": "1.0.0",\n  "main": "path/to/main.css",\n  "ignore": [\n    ".jshintrc",\n    "**/*.txt"\n  ],\n  "dependencies": {\n    "<name>": "<version>",\n    "<name>": "<folder>",\n    "<name>": "<package>"\n  },\n  "devDependencies": {\n    "<test-framework-name>": "<version>"\n  }\n}\n```\n\n\n## Consuming a package\n\nBower also makes available a source mapping. This can be used by build tools to\neasily consume Bower packages.\n\nIf you pass the `--paths` option to Bower\'s `list` command, you will get a\nsimple path-to-name mapping:\n\n```json\n{\n  "backbone": "bower_components/backbone/index.js",\n  "jquery": "bower_components/jquery/index.js",\n  "underscore": "bower_components/underscore/index.js"\n}\n```\n\nAlternatively, every command supports the `--json` option that makes bower\noutput JSON. Command result is outputted to `stdout` and error/logs to\n`stderr`.\n\n\n## Programmatic API\n\nBower provides a powerful, programmatic API. All commands can be accessed\nthrough the `bower.commands` object.\n\n```js\nvar bower = require(\'bower\');\n\nbower.commands\n.install(paths, options)\n.on(\'end\', function (installed) {\n    console.log(installed);\n});\n\nbower.commands\n.search(\'jquery\', {})\n.on(\'end\', function (results) {\n    console.log(results);\n});\n```\n\nCommands emit three types of events: `log`, `end`, and `error`.\n\n* `log` is emitted to report the state/progress of the command.\n* `error` will only be emitted if something goes wrong.\n* `end` is emitted when the command successfully ends.\n\nFor a better of idea how this works, you may want to check out [our bin\nfile](https://github.com/bower/bower/blob/rewrite/bin/bower).\n\n\n## Completion (experimental)\n\n_NOTE_: Completion is still not implemented for the 1.0.0 release\n\nBower now has an experimental `completion` command that is based on, and works\nsimilarly to the [npm completion](https://npmjs.org/doc/completion.html). It is\nnot available for Windows users.\n\nThis command will output a Bash / ZSH script to put into your `~/.bashrc`,\n`~/.bash_profile`, or `~/.zshrc` file.\n\n```\nbower completion >> ~/.bash_profile\n```\n\n\n## A note for Windows users\n\nTo use Bower on Windows, you must install\n[msysgit](http://code.google.com/p/msysgit/) correctly. Be sure to check the\noption shown below:\n\n![msysgit](http://f.cl.ly/items/2V2O3i1p3R2F1r2v0a12/mysgit.png)\n\nNote that if you use TortoiseGit and if Bower keeps asking for your SSH\npassword, you should add the following environment variable: `GIT_SSH -\nC:\\Program Files\\TortoiseGit\\bin\\TortoisePlink.exe`. Adjust the `TortoisePlink`\npath if needed.\n\n\n## Contact\n\nHave a question?\n\n* [StackOverflow](http://stackoverflow.com/questions/tagged/bower)\n* [Mailinglist](http://groups.google.com/group/twitter-bower) - twitter-bower@googlegroups.com\n* [\\#bower](http://webchat.freenode.net/?channels=bower) on Freenode\n\n\n## Contributing to this project\n\nAnyone and everyone is welcome to contribute. Please take a moment to\nreview the [guidelines for contributing](CONTRIBUTING.md).\n\n* [Bug reports](CONTRIBUTING.md#bugs)\n* [Feature requests](CONTRIBUTING.md#features)\n* [Pull requests](CONTRIBUTING.md#pull-requests)\n\n\n## Authors\n\n* [@fat](https://github.com/fat)\n* [@maccman](https://github.com/maccman)\n* [@satazor](https://github.com/satazor)\n\nThanks for assistance and contributions:\n\n[@addyosmani](https://github.com/addyosmani),\n[@angus-c](https://github.com/angus-c),\n[@borismus](https://github.com/borismus),\n[@carsonmcdonald](https://github.com/carsonmcdonald),\n[@chriseppstein](https://github.com/chriseppstein),\n[@danwrong](https://github.com/danwrong),\n[@davidmaxwaterman](https://github.com/davidmaxwaterman),\n[@desandro](https://github.com/desandro),\n[@hemanth](https://github.com/hemanth),\n[@isaacs](https://github.com/isaacs),\n[@josh](https://github.com/josh),\n[@jrburke](https://github.com/jrburke),\n[@marcelombc](https://github.com/marcelombc),\n[@marcooliveira](https://github.com/marcooliveira),\n[@mklabs](https://github.com/mklabs),\n[@necolas](https://github.com/necolas),\n[@paulirish](https://github.com/paulirish),\n[@richo](https://github.com/richo),\n[@rvagg](https://github.com/rvagg),\n[@sindresorhus](https://github.com/sindresorhus),\n[@SlexAxton](https://github.com/SlexAxton),\n[@sstephenson](https://github.com/sstephenson),\n[@svnlto](https://github.com/svnlto),\n[@tomdale](https://github.com/tomdale),\n[@uzquiano](https://github.com/uzquiano),\n[@visionmedia](https://github.com/visionmedia),\n[@wagenet](https://github.com/wagenet),\n[@wibblymat](https://github.com/wibblymat),\n[@wycats](https://github.com/wycats)\n\n\n## License\n\nCopyright 2012 Twitter, Inc.\n\nLicensed under the MIT License\n',
38 silly resolved     readmeFilename: 'README.md',
38 silly resolved     _id: 'bower@1.0.3',
38 silly resolved     _from: 'bower@' } ]
39 info install bower@1.0.3 into /usr/local/share/npm/lib
40 info installOne bower@1.0.3
41 verbose from cache /Users/justinhall/.npm/bower/1.0.3/package/package.json
42 info /usr/local/share/npm/lib/node_modules/bower unbuild
43 verbose read json /usr/local/share/npm/lib/node_modules/bower/package.json
44 info preuninstall bower@1.0.3
45 info uninstall bower@1.0.3
46 verbose true,/usr/local/share/npm/lib/node_modules,/usr/local/share/npm/lib/node_modules unbuild bower@1.0.3
47 verbose /usr/local/share/npm/bin,[object Object] binRoot
48 info /usr/local/share/npm/lib/node_modules/bower unbuild
49 verbose read json /usr/local/share/npm/lib/node_modules/bower/package.json
50 info preuninstall bower@1.0.3
51 info uninstall bower@1.0.3
52 verbose true,/usr/local/share/npm/lib/node_modules,/usr/local/share/npm/lib/node_modules unbuild bower@1.0.3
53 verbose /usr/local/share/npm/bin,[object Object] binRoot
54 error error rolling back Error: EACCES, unlink '/usr/local/share/npm/bin/bower'
54 error error rolling back  bower@1.0.3 { [Error: EACCES, unlink '/usr/local/share/npm/bin/bower']
54 error error rolling back   errno: 3,
54 error error rolling back   code: 'EACCES',
54 error error rolling back   path: '/usr/local/share/npm/bin/bower' }
55 error Error: EACCES, unlink '/usr/local/share/npm/bin/bower'
55 error  { [Error: EACCES, unlink '/usr/local/share/npm/bin/bower']
55 error   errno: 3,
55 error   code: 'EACCES',
55 error   path: '/usr/local/share/npm/bin/bower' }
56 error Please try running this command again as root/Administrator.
57 error System Darwin 12.3.0
58 error command "/usr/local/Cellar/node/0.8.22/bin/node" "/usr/local/bin/npm" "install" "-g" "bower"
59 error cwd /Users/justinhall/weekness
60 error node -v v0.8.22
61 error npm -v 1.2.14
62 error path /usr/local/share/npm/bin/bower
63 error code EACCES
64 error errno 3
65 error stack Error: EACCES, unlink '/usr/local/share/npm/bin/bower'
66 verbose exit [ 3, true ]
